Analysis & Synthesis report for main
Wed Apr 05 20:14:00 2023
Quartus Prime Version 20.1.1 Build 720 11/11/2020 SJ Lite Edition


---------------------
; Table of Contents ;
---------------------
  1. Legal Notice
  2. Analysis & Synthesis Summary
  3. Analysis & Synthesis Settings
  4. Parallel Compilation
  5. Analysis & Synthesis Source Files Read
  6. Analysis & Synthesis Resource Usage Summary
  7. Analysis & Synthesis Resource Utilization by Entity
  8. General Register Statistics
  9. Post-Synthesis Netlist Statistics for Top Partition
 10. Elapsed Time Per Partition
 11. Analysis & Synthesis Messages



----------------
; Legal Notice ;
----------------
Copyright (C) 2020  Intel Corporation. All rights reserved.
Your use of Intel Corporation's design tools, logic functions 
and other software and tools, and any partner logic 
functions, and any output files from any of the foregoing 
(including device programming or simulation files), and any 
associated documentation or information are expressly subject 
to the terms and conditions of the Intel Program License 
Subscription Agreement, the Intel Quartus Prime License Agreement,
the Intel FPGA IP License Agreement, or other applicable license
agreement, including, without limitation, that your use is for
the sole purpose of programming logic devices manufactured by
Intel and sold by Intel or its authorized distributors.  Please
refer to the applicable agreement for further details, at
https://fpgasoftware.intel.com/eula.



+----------------------------------------------------------------------------------+
; Analysis & Synthesis Summary                                                     ;
+------------------------------------+---------------------------------------------+
; Analysis & Synthesis Status        ; Successful - Wed Apr 05 20:14:00 2023       ;
; Quartus Prime Version              ; 20.1.1 Build 720 11/11/2020 SJ Lite Edition ;
; Revision Name                      ; main                                        ;
; Top-level Entity Name              ; main                                        ;
; Family                             ; MAX 10                                      ;
; Total logic elements               ; 3,968                                       ;
;     Total combinational functions  ; 3,968                                       ;
;     Dedicated logic registers      ; 0                                           ;
; Total registers                    ; 0                                           ;
; Total pins                         ; 192                                         ;
; Total virtual pins                 ; 0                                           ;
; Total memory bits                  ; 0                                           ;
; Embedded Multiplier 9-bit elements ; 0                                           ;
; Total PLLs                         ; 0                                           ;
; UFM blocks                         ; 0                                           ;
; ADC blocks                         ; 0                                           ;
+------------------------------------+---------------------------------------------+


+------------------------------------------------------------------------------------------------------------+
; Analysis & Synthesis Settings                                                                              ;
+------------------------------------------------------------------+--------------------+--------------------+
; Option                                                           ; Setting            ; Default Value      ;
+------------------------------------------------------------------+--------------------+--------------------+
; Device                                                           ; 10M50DAF484C7G     ;                    ;
; Top-level entity name                                            ; main               ; main               ;
; Family name                                                      ; MAX 10             ; Cyclone V          ;
; Use smart compilation                                            ; Off                ; Off                ;
; Enable parallel Assembler and Timing Analyzer during compilation ; On                 ; On                 ;
; Enable compact report table                                      ; Off                ; Off                ;
; Restructure Multiplexers                                         ; Auto               ; Auto               ;
; Create Debugging Nodes for IP Cores                              ; Off                ; Off                ;
; Preserve fewer node names                                        ; On                 ; On                 ;
; Intel FPGA IP Evaluation Mode                                    ; Enable             ; Enable             ;
; Verilog Version                                                  ; Verilog_2001       ; Verilog_2001       ;
; VHDL Version                                                     ; VHDL_1993          ; VHDL_1993          ;
; State Machine Processing                                         ; Auto               ; Auto               ;
; Safe State Machine                                               ; Off                ; Off                ;
; Extract Verilog State Machines                                   ; On                 ; On                 ;
; Extract VHDL State Machines                                      ; On                 ; On                 ;
; Ignore Verilog initial constructs                                ; Off                ; Off                ;
; Iteration limit for constant Verilog loops                       ; 5000               ; 5000               ;
; Iteration limit for non-constant Verilog loops                   ; 250                ; 250                ;
; Add Pass-Through Logic to Inferred RAMs                          ; On                 ; On                 ;
; Infer RAMs from Raw Logic                                        ; On                 ; On                 ;
; Parallel Synthesis                                               ; On                 ; On                 ;
; DSP Block Balancing                                              ; Auto               ; Auto               ;
; NOT Gate Push-Back                                               ; On                 ; On                 ;
; Power-Up Don't Care                                              ; On                 ; On                 ;
; Remove Redundant Logic Cells                                     ; Off                ; Off                ;
; Remove Duplicate Registers                                       ; On                 ; On                 ;
; Ignore CARRY Buffers                                             ; Off                ; Off                ;
; Ignore CASCADE Buffers                                           ; Off                ; Off                ;
; Ignore GLOBAL Buffers                                            ; Off                ; Off                ;
; Ignore ROW GLOBAL Buffers                                        ; Off                ; Off                ;
; Ignore LCELL Buffers                                             ; Off                ; Off                ;
; Ignore SOFT Buffers                                              ; On                 ; On                 ;
; Limit AHDL Integers to 32 Bits                                   ; Off                ; Off                ;
; Optimization Technique                                           ; Balanced           ; Balanced           ;
; Carry Chain Length                                               ; 70                 ; 70                 ;
; Auto Carry Chains                                                ; On                 ; On                 ;
; Auto Open-Drain Pins                                             ; On                 ; On                 ;
; Perform WYSIWYG Primitive Resynthesis                            ; Off                ; Off                ;
; Auto ROM Replacement                                             ; On                 ; On                 ;
; Auto RAM Replacement                                             ; On                 ; On                 ;
; Auto DSP Block Replacement                                       ; On                 ; On                 ;
; Auto Shift Register Replacement                                  ; Auto               ; Auto               ;
; Allow Shift Register Merging across Hierarchies                  ; Auto               ; Auto               ;
; Auto Clock Enable Replacement                                    ; On                 ; On                 ;
; Strict RAM Replacement                                           ; Off                ; Off                ;
; Allow Synchronous Control Signals                                ; On                 ; On                 ;
; Force Use of Synchronous Clear Signals                           ; Off                ; Off                ;
; Auto RAM Block Balancing                                         ; On                 ; On                 ;
; Auto RAM to Logic Cell Conversion                                ; Off                ; Off                ;
; Auto Resource Sharing                                            ; Off                ; Off                ;
; Allow Any RAM Size For Recognition                               ; Off                ; Off                ;
; Allow Any ROM Size For Recognition                               ; Off                ; Off                ;
; Allow Any Shift Register Size For Recognition                    ; Off                ; Off                ;
; Use LogicLock Constraints during Resource Balancing              ; On                 ; On                 ;
; Ignore translate_off and synthesis_off directives                ; Off                ; Off                ;
; Timing-Driven Synthesis                                          ; On                 ; On                 ;
; Report Parameter Settings                                        ; On                 ; On                 ;
; Report Source Assignments                                        ; On                 ; On                 ;
; Report Connectivity Checks                                       ; On                 ; On                 ;
; Ignore Maximum Fan-Out Assignments                               ; Off                ; Off                ;
; Synchronization Register Chain Length                            ; 2                  ; 2                  ;
; Power Optimization During Synthesis                              ; Normal compilation ; Normal compilation ;
; HDL message level                                                ; Level2             ; Level2             ;
; Suppress Register Optimization Related Messages                  ; Off                ; Off                ;
; Number of Removed Registers Reported in Synthesis Report         ; 5000               ; 5000               ;
; Number of Swept Nodes Reported in Synthesis Report               ; 5000               ; 5000               ;
; Number of Inverted Registers Reported in Synthesis Report        ; 100                ; 100                ;
; Clock MUX Protection                                             ; On                 ; On                 ;
; Auto Gated Clock Conversion                                      ; Off                ; Off                ;
; Block Design Naming                                              ; Auto               ; Auto               ;
; SDC constraint protection                                        ; Off                ; Off                ;
; Synthesis Effort                                                 ; Auto               ; Auto               ;
; Shift Register Replacement - Allow Asynchronous Clear Signal     ; On                 ; On                 ;
; Pre-Mapping Resynthesis Optimization                             ; Off                ; Off                ;
; Analysis & Synthesis Message Level                               ; Medium             ; Medium             ;
; Disable Register Merging Across Hierarchies                      ; Auto               ; Auto               ;
; Resource Aware Inference For Block RAM                           ; On                 ; On                 ;
+------------------------------------------------------------------+--------------------+--------------------+


+------------------------------------------+
; Parallel Compilation                     ;
+----------------------------+-------------+
; Processors                 ; Number      ;
+----------------------------+-------------+
; Number detected on machine ; 4           ;
; Maximum allowed            ; 2           ;
;                            ;             ;
; Average used               ; 1.00        ;
; Maximum used               ; 2           ;
;                            ;             ;
; Usage by Processor         ; % Time Used ;
;     Processor 1            ; 100.0%      ;
;     Processor 2            ;   0.0%      ;
+----------------------------+-------------+


+--------------------------------------------------------------------------------------------------------------------------------------------------------------------+
; Analysis & Synthesis Source Files Read                                                                                                                             ;
+----------------------------------+-----------------+------------------------------+----------------------------------------------------------------------+---------+
; File Name with User-Entered Path ; Used in Netlist ; File Type                    ; File Name with Absolute Path                                         ; Library ;
+----------------------------------+-----------------+------------------------------+----------------------------------------------------------------------+---------+
; main.v                           ; yes             ; User Verilog HDL File        ; C:/Users/nguye/OneDrive/Documents/github/FPGA_Verilog/7.DES/main.v   ;         ;
; ip.v                             ; yes             ; Auto-Found Verilog HDL File  ; C:/Users/nguye/OneDrive/Documents/github/FPGA_Verilog/7.DES/ip.v     ;         ;
; pc1.v                            ; yes             ; Auto-Found Verilog HDL File  ; C:/Users/nguye/OneDrive/Documents/github/FPGA_Verilog/7.DES/pc1.v    ;         ;
; pc2.v                            ; yes             ; Auto-Found Verilog HDL File  ; C:/Users/nguye/OneDrive/Documents/github/FPGA_Verilog/7.DES/pc2.v    ;         ;
; e.v                              ; yes             ; Auto-Found Verilog HDL File  ; C:/Users/nguye/OneDrive/Documents/github/FPGA_Verilog/7.DES/e.v      ;         ;
; s1.v                             ; yes             ; Auto-Found Verilog HDL File  ; C:/Users/nguye/OneDrive/Documents/github/FPGA_Verilog/7.DES/s1.v     ;         ;
; s2.v                             ; yes             ; Auto-Found Verilog HDL File  ; C:/Users/nguye/OneDrive/Documents/github/FPGA_Verilog/7.DES/s2.v     ;         ;
; s3.v                             ; yes             ; Auto-Found Verilog HDL File  ; C:/Users/nguye/OneDrive/Documents/github/FPGA_Verilog/7.DES/s3.v     ;         ;
; s4.v                             ; yes             ; Auto-Found Verilog HDL File  ; C:/Users/nguye/OneDrive/Documents/github/FPGA_Verilog/7.DES/s4.v     ;         ;
; s5.v                             ; yes             ; Auto-Found Verilog HDL File  ; C:/Users/nguye/OneDrive/Documents/github/FPGA_Verilog/7.DES/s5.v     ;         ;
; s6.v                             ; yes             ; Auto-Found Verilog HDL File  ; C:/Users/nguye/OneDrive/Documents/github/FPGA_Verilog/7.DES/s6.v     ;         ;
; s7.v                             ; yes             ; Auto-Found Verilog HDL File  ; C:/Users/nguye/OneDrive/Documents/github/FPGA_Verilog/7.DES/s7.v     ;         ;
; s8.v                             ; yes             ; Auto-Found Verilog HDL File  ; C:/Users/nguye/OneDrive/Documents/github/FPGA_Verilog/7.DES/s8.v     ;         ;
; p.v                              ; yes             ; Auto-Found Verilog HDL File  ; C:/Users/nguye/OneDrive/Documents/github/FPGA_Verilog/7.DES/p.v      ;         ;
; ip_inv.v                         ; yes             ; Auto-Found Verilog HDL File  ; C:/Users/nguye/OneDrive/Documents/github/FPGA_Verilog/7.DES/ip_inv.v ;         ;
+----------------------------------+-----------------+------------------------------+----------------------------------------------------------------------+---------+


+-------------------------------------------------------------+
; Analysis & Synthesis Resource Usage Summary                 ;
+---------------------------------------------+---------------+
; Resource                                    ; Usage         ;
+---------------------------------------------+---------------+
; Estimated Total logic elements              ; 3,968         ;
;                                             ;               ;
; Total combinational functions               ; 3968          ;
; Logic element usage by number of LUT inputs ;               ;
;     -- 4 input functions                    ; 3354          ;
;     -- 3 input functions                    ; 411           ;
;     -- <=2 input functions                  ; 203           ;
;                                             ;               ;
; Logic elements by mode                      ;               ;
;     -- normal mode                          ; 3968          ;
;     -- arithmetic mode                      ; 0             ;
;                                             ;               ;
; Total registers                             ; 0             ;
;     -- Dedicated logic registers            ; 0             ;
;     -- I/O registers                        ; 0             ;
;                                             ;               ;
; I/O pins                                    ; 192           ;
;                                             ;               ;
; Embedded Multiplier 9-bit elements          ; 0             ;
;                                             ;               ;
; Maximum fan-out node                        ; key[52]~input ;
; Maximum fan-out                             ; 18            ;
; Total fan-out                               ; 15311         ;
; Average fan-out                             ; 3.52          ;
+---------------------------------------------+---------------+


+--------------------------------------------------------------------------------------------------------------------------------------------------------------------------------------------------------------------------------------------------+
; Analysis & Synthesis Resource Utilization by Entity                                                                                                                                                                                              ;
+----------------------------+---------------------+---------------------------+-------------+------------+--------------+---------+-----------+------+--------------+------------+-----------------------------------+-------------+--------------+
; Compilation Hierarchy Node ; Combinational ALUTs ; Dedicated Logic Registers ; Memory Bits ; UFM Blocks ; DSP Elements ; DSP 9x9 ; DSP 18x18 ; Pins ; Virtual Pins ; ADC blocks ; Full Hierarchy Name               ; Entity Name ; Library Name ;
+----------------------------+---------------------+---------------------------+-------------+------------+--------------+---------+-----------+------+--------------+------------+-----------------------------------+-------------+--------------+
; |main                      ; 3968 (239)          ; 0 (0)                     ; 0           ; 0          ; 0            ; 0       ; 0         ; 192  ; 0            ; 0          ; |main                             ; main        ; work         ;
;    |f:blk[10].f_inst|      ; 233 (48)            ; 0 (0)                     ; 0           ; 0          ; 0            ; 0       ; 0         ; 0    ; 0            ; 0          ; |main|f:blk[10].f_inst            ; f           ; work         ;
;       |S1:S1_inst|         ; 24 (24)             ; 0 (0)                     ; 0           ; 0          ; 0            ; 0       ; 0         ; 0    ; 0            ; 0          ; |main|f:blk[10].f_inst|S1:S1_inst ; S1          ; work         ;
;       |S2:S2_inst|         ; 24 (24)             ; 0 (0)                     ; 0           ; 0          ; 0            ; 0       ; 0         ; 0    ; 0            ; 0          ; |main|f:blk[10].f_inst|S2:S2_inst ; S2          ; work         ;
;       |S3:S3_inst|         ; 24 (24)             ; 0 (0)                     ; 0           ; 0          ; 0            ; 0       ; 0         ; 0    ; 0            ; 0          ; |main|f:blk[10].f_inst|S3:S3_inst ; S3          ; work         ;
;       |S4:S4_inst|         ; 24 (24)             ; 0 (0)                     ; 0           ; 0          ; 0            ; 0       ; 0         ; 0    ; 0            ; 0          ; |main|f:blk[10].f_inst|S4:S4_inst ; S4          ; work         ;
;       |S5:S5_inst|         ; 24 (24)             ; 0 (0)                     ; 0           ; 0          ; 0            ; 0       ; 0         ; 0    ; 0            ; 0          ; |main|f:blk[10].f_inst|S5:S5_inst ; S5          ; work         ;
;       |S6:S6_inst|         ; 18 (18)             ; 0 (0)                     ; 0           ; 0          ; 0            ; 0       ; 0         ; 0    ; 0            ; 0          ; |main|f:blk[10].f_inst|S6:S6_inst ; S6          ; work         ;
;       |S7:S7_inst|         ; 23 (23)             ; 0 (0)                     ; 0           ; 0          ; 0            ; 0       ; 0         ; 0    ; 0            ; 0          ; |main|f:blk[10].f_inst|S7:S7_inst ; S7          ; work         ;
;       |S8:S8_inst|         ; 24 (24)             ; 0 (0)                     ; 0           ; 0          ; 0            ; 0       ; 0         ; 0    ; 0            ; 0          ; |main|f:blk[10].f_inst|S8:S8_inst ; S8          ; work         ;
;    |f:blk[11].f_inst|      ; 225 (48)            ; 0 (0)                     ; 0           ; 0          ; 0            ; 0       ; 0         ; 0    ; 0            ; 0          ; |main|f:blk[11].f_inst            ; f           ; work         ;
;       |S1:S1_inst|         ; 24 (24)             ; 0 (0)                     ; 0           ; 0          ; 0            ; 0       ; 0         ; 0    ; 0            ; 0          ; |main|f:blk[11].f_inst|S1:S1_inst ; S1          ; work         ;
;       |S2:S2_inst|         ; 22 (22)             ; 0 (0)                     ; 0           ; 0          ; 0            ; 0       ; 0         ; 0    ; 0            ; 0          ; |main|f:blk[11].f_inst|S2:S2_inst ; S2          ; work         ;
;       |S3:S3_inst|         ; 24 (24)             ; 0 (0)                     ; 0           ; 0          ; 0            ; 0       ; 0         ; 0    ; 0            ; 0          ; |main|f:blk[11].f_inst|S3:S3_inst ; S3          ; work         ;
;       |S4:S4_inst|         ; 24 (24)             ; 0 (0)                     ; 0           ; 0          ; 0            ; 0       ; 0         ; 0    ; 0            ; 0          ; |main|f:blk[11].f_inst|S4:S4_inst ; S4          ; work         ;
;       |S5:S5_inst|         ; 24 (24)             ; 0 (0)                     ; 0           ; 0          ; 0            ; 0       ; 0         ; 0    ; 0            ; 0          ; |main|f:blk[11].f_inst|S5:S5_inst ; S5          ; work         ;
;       |S6:S6_inst|         ; 23 (23)             ; 0 (0)                     ; 0           ; 0          ; 0            ; 0       ; 0         ; 0    ; 0            ; 0          ; |main|f:blk[11].f_inst|S6:S6_inst ; S6          ; work         ;
;       |S7:S7_inst|         ; 18 (18)             ; 0 (0)                     ; 0           ; 0          ; 0            ; 0       ; 0         ; 0    ; 0            ; 0          ; |main|f:blk[11].f_inst|S7:S7_inst ; S7          ; work         ;
;       |S8:S8_inst|         ; 18 (18)             ; 0 (0)                     ; 0           ; 0          ; 0            ; 0       ; 0         ; 0    ; 0            ; 0          ; |main|f:blk[11].f_inst|S8:S8_inst ; S8          ; work         ;
;    |f:blk[12].f_inst|      ; 230 (53)            ; 0 (0)                     ; 0           ; 0          ; 0            ; 0       ; 0         ; 0    ; 0            ; 0          ; |main|f:blk[12].f_inst            ; f           ; work         ;
;       |S1:S1_inst|         ; 24 (24)             ; 0 (0)                     ; 0           ; 0          ; 0            ; 0       ; 0         ; 0    ; 0            ; 0          ; |main|f:blk[12].f_inst|S1:S1_inst ; S1          ; work         ;
;       |S2:S2_inst|         ; 22 (22)             ; 0 (0)                     ; 0           ; 0          ; 0            ; 0       ; 0         ; 0    ; 0            ; 0          ; |main|f:blk[12].f_inst|S2:S2_inst ; S2          ; work         ;
;       |S3:S3_inst|         ; 24 (24)             ; 0 (0)                     ; 0           ; 0          ; 0            ; 0       ; 0         ; 0    ; 0            ; 0          ; |main|f:blk[12].f_inst|S3:S3_inst ; S3          ; work         ;
;       |S4:S4_inst|         ; 24 (24)             ; 0 (0)                     ; 0           ; 0          ; 0            ; 0       ; 0         ; 0    ; 0            ; 0          ; |main|f:blk[12].f_inst|S4:S4_inst ; S4          ; work         ;
;       |S5:S5_inst|         ; 24 (24)             ; 0 (0)                     ; 0           ; 0          ; 0            ; 0       ; 0         ; 0    ; 0            ; 0          ; |main|f:blk[12].f_inst|S5:S5_inst ; S5          ; work         ;
;       |S6:S6_inst|         ; 23 (23)             ; 0 (0)                     ; 0           ; 0          ; 0            ; 0       ; 0         ; 0    ; 0            ; 0          ; |main|f:blk[12].f_inst|S6:S6_inst ; S6          ; work         ;
;       |S7:S7_inst|         ; 18 (18)             ; 0 (0)                     ; 0           ; 0          ; 0            ; 0       ; 0         ; 0    ; 0            ; 0          ; |main|f:blk[12].f_inst|S7:S7_inst ; S7          ; work         ;
;       |S8:S8_inst|         ; 18 (18)             ; 0 (0)                     ; 0           ; 0          ; 0            ; 0       ; 0         ; 0    ; 0            ; 0          ; |main|f:blk[12].f_inst|S8:S8_inst ; S8          ; work         ;
;    |f:blk[13].f_inst|      ; 244 (56)            ; 0 (0)                     ; 0           ; 0          ; 0            ; 0       ; 0         ; 0    ; 0            ; 0          ; |main|f:blk[13].f_inst            ; f           ; work         ;
;       |S1:S1_inst|         ; 24 (24)             ; 0 (0)                     ; 0           ; 0          ; 0            ; 0       ; 0         ; 0    ; 0            ; 0          ; |main|f:blk[13].f_inst|S1:S1_inst ; S1          ; work         ;
;       |S2:S2_inst|         ; 22 (22)             ; 0 (0)                     ; 0           ; 0          ; 0            ; 0       ; 0         ; 0    ; 0            ; 0          ; |main|f:blk[13].f_inst|S2:S2_inst ; S2          ; work         ;
;       |S3:S3_inst|         ; 24 (24)             ; 0 (0)                     ; 0           ; 0          ; 0            ; 0       ; 0         ; 0    ; 0            ; 0          ; |main|f:blk[13].f_inst|S3:S3_inst ; S3          ; work         ;
;       |S4:S4_inst|         ; 24 (24)             ; 0 (0)                     ; 0           ; 0          ; 0            ; 0       ; 0         ; 0    ; 0            ; 0          ; |main|f:blk[13].f_inst|S4:S4_inst ; S4          ; work         ;
;       |S5:S5_inst|         ; 24 (24)             ; 0 (0)                     ; 0           ; 0          ; 0            ; 0       ; 0         ; 0    ; 0            ; 0          ; |main|f:blk[13].f_inst|S5:S5_inst ; S5          ; work         ;
;       |S6:S6_inst|         ; 23 (23)             ; 0 (0)                     ; 0           ; 0          ; 0            ; 0       ; 0         ; 0    ; 0            ; 0          ; |main|f:blk[13].f_inst|S6:S6_inst ; S6          ; work         ;
;       |S7:S7_inst|         ; 23 (23)             ; 0 (0)                     ; 0           ; 0          ; 0            ; 0       ; 0         ; 0    ; 0            ; 0          ; |main|f:blk[13].f_inst|S7:S7_inst ; S7          ; work         ;
;       |S8:S8_inst|         ; 24 (24)             ; 0 (0)                     ; 0           ; 0          ; 0            ; 0       ; 0         ; 0    ; 0            ; 0          ; |main|f:blk[13].f_inst|S8:S8_inst ; S8          ; work         ;
;    |f:blk[14].f_inst|      ; 236 (48)            ; 0 (0)                     ; 0           ; 0          ; 0            ; 0       ; 0         ; 0    ; 0            ; 0          ; |main|f:blk[14].f_inst            ; f           ; work         ;
;       |S1:S1_inst|         ; 24 (24)             ; 0 (0)                     ; 0           ; 0          ; 0            ; 0       ; 0         ; 0    ; 0            ; 0          ; |main|f:blk[14].f_inst|S1:S1_inst ; S1          ; work         ;
;       |S2:S2_inst|         ; 22 (22)             ; 0 (0)                     ; 0           ; 0          ; 0            ; 0       ; 0         ; 0    ; 0            ; 0          ; |main|f:blk[14].f_inst|S2:S2_inst ; S2          ; work         ;
;       |S3:S3_inst|         ; 24 (24)             ; 0 (0)                     ; 0           ; 0          ; 0            ; 0       ; 0         ; 0    ; 0            ; 0          ; |main|f:blk[14].f_inst|S3:S3_inst ; S3          ; work         ;
;       |S4:S4_inst|         ; 24 (24)             ; 0 (0)                     ; 0           ; 0          ; 0            ; 0       ; 0         ; 0    ; 0            ; 0          ; |main|f:blk[14].f_inst|S4:S4_inst ; S4          ; work         ;
;       |S5:S5_inst|         ; 24 (24)             ; 0 (0)                     ; 0           ; 0          ; 0            ; 0       ; 0         ; 0    ; 0            ; 0          ; |main|f:blk[14].f_inst|S5:S5_inst ; S5          ; work         ;
;       |S6:S6_inst|         ; 23 (23)             ; 0 (0)                     ; 0           ; 0          ; 0            ; 0       ; 0         ; 0    ; 0            ; 0          ; |main|f:blk[14].f_inst|S6:S6_inst ; S6          ; work         ;
;       |S7:S7_inst|         ; 23 (23)             ; 0 (0)                     ; 0           ; 0          ; 0            ; 0       ; 0         ; 0    ; 0            ; 0          ; |main|f:blk[14].f_inst|S7:S7_inst ; S7          ; work         ;
;       |S8:S8_inst|         ; 24 (24)             ; 0 (0)                     ; 0           ; 0          ; 0            ; 0       ; 0         ; 0    ; 0            ; 0          ; |main|f:blk[14].f_inst|S8:S8_inst ; S8          ; work         ;
;    |f:blk[15].f_inst|      ; 233 (48)            ; 0 (0)                     ; 0           ; 0          ; 0            ; 0       ; 0         ; 0    ; 0            ; 0          ; |main|f:blk[15].f_inst            ; f           ; work         ;
;       |S1:S1_inst|         ; 24 (24)             ; 0 (0)                     ; 0           ; 0          ; 0            ; 0       ; 0         ; 0    ; 0            ; 0          ; |main|f:blk[15].f_inst|S1:S1_inst ; S1          ; work         ;
;       |S2:S2_inst|         ; 24 (24)             ; 0 (0)                     ; 0           ; 0          ; 0            ; 0       ; 0         ; 0    ; 0            ; 0          ; |main|f:blk[15].f_inst|S2:S2_inst ; S2          ; work         ;
;       |S3:S3_inst|         ; 24 (24)             ; 0 (0)                     ; 0           ; 0          ; 0            ; 0       ; 0         ; 0    ; 0            ; 0          ; |main|f:blk[15].f_inst|S3:S3_inst ; S3          ; work         ;
;       |S4:S4_inst|         ; 24 (24)             ; 0 (0)                     ; 0           ; 0          ; 0            ; 0       ; 0         ; 0    ; 0            ; 0          ; |main|f:blk[15].f_inst|S4:S4_inst ; S4          ; work         ;
;       |S5:S5_inst|         ; 24 (24)             ; 0 (0)                     ; 0           ; 0          ; 0            ; 0       ; 0         ; 0    ; 0            ; 0          ; |main|f:blk[15].f_inst|S5:S5_inst ; S5          ; work         ;
;       |S6:S6_inst|         ; 18 (18)             ; 0 (0)                     ; 0           ; 0          ; 0            ; 0       ; 0         ; 0    ; 0            ; 0          ; |main|f:blk[15].f_inst|S6:S6_inst ; S6          ; work         ;
;       |S7:S7_inst|         ; 23 (23)             ; 0 (0)                     ; 0           ; 0          ; 0            ; 0       ; 0         ; 0    ; 0            ; 0          ; |main|f:blk[15].f_inst|S7:S7_inst ; S7          ; work         ;
;       |S8:S8_inst|         ; 24 (24)             ; 0 (0)                     ; 0           ; 0          ; 0            ; 0       ; 0         ; 0    ; 0            ; 0          ; |main|f:blk[15].f_inst|S8:S8_inst ; S8          ; work         ;
;    |f:blk[16].f_inst|      ; 228 (48)            ; 0 (0)                     ; 0           ; 0          ; 0            ; 0       ; 0         ; 0    ; 0            ; 0          ; |main|f:blk[16].f_inst            ; f           ; work         ;
;       |S1:S1_inst|         ; 24 (24)             ; 0 (0)                     ; 0           ; 0          ; 0            ; 0       ; 0         ; 0    ; 0            ; 0          ; |main|f:blk[16].f_inst|S1:S1_inst ; S1          ; work         ;
;       |S2:S2_inst|         ; 24 (24)             ; 0 (0)                     ; 0           ; 0          ; 0            ; 0       ; 0         ; 0    ; 0            ; 0          ; |main|f:blk[16].f_inst|S2:S2_inst ; S2          ; work         ;
;       |S3:S3_inst|         ; 24 (24)             ; 0 (0)                     ; 0           ; 0          ; 0            ; 0       ; 0         ; 0    ; 0            ; 0          ; |main|f:blk[16].f_inst|S3:S3_inst ; S3          ; work         ;
;       |S4:S4_inst|         ; 24 (24)             ; 0 (0)                     ; 0           ; 0          ; 0            ; 0       ; 0         ; 0    ; 0            ; 0          ; |main|f:blk[16].f_inst|S4:S4_inst ; S4          ; work         ;
;       |S5:S5_inst|         ; 24 (24)             ; 0 (0)                     ; 0           ; 0          ; 0            ; 0       ; 0         ; 0    ; 0            ; 0          ; |main|f:blk[16].f_inst|S5:S5_inst ; S5          ; work         ;
;       |S6:S6_inst|         ; 18 (18)             ; 0 (0)                     ; 0           ; 0          ; 0            ; 0       ; 0         ; 0    ; 0            ; 0          ; |main|f:blk[16].f_inst|S6:S6_inst ; S6          ; work         ;
;       |S7:S7_inst|         ; 18 (18)             ; 0 (0)                     ; 0           ; 0          ; 0            ; 0       ; 0         ; 0    ; 0            ; 0          ; |main|f:blk[16].f_inst|S7:S7_inst ; S7          ; work         ;
;       |S8:S8_inst|         ; 24 (24)             ; 0 (0)                     ; 0           ; 0          ; 0            ; 0       ; 0         ; 0    ; 0            ; 0          ; |main|f:blk[16].f_inst|S8:S8_inst ; S8          ; work         ;
;    |f:blk[1].f_inst|       ; 236 (48)            ; 0 (0)                     ; 0           ; 0          ; 0            ; 0       ; 0         ; 0    ; 0            ; 0          ; |main|f:blk[1].f_inst             ; f           ; work         ;
;       |S1:S1_inst|         ; 24 (24)             ; 0 (0)                     ; 0           ; 0          ; 0            ; 0       ; 0         ; 0    ; 0            ; 0          ; |main|f:blk[1].f_inst|S1:S1_inst  ; S1          ; work         ;
;       |S2:S2_inst|         ; 22 (22)             ; 0 (0)                     ; 0           ; 0          ; 0            ; 0       ; 0         ; 0    ; 0            ; 0          ; |main|f:blk[1].f_inst|S2:S2_inst  ; S2          ; work         ;
;       |S3:S3_inst|         ; 24 (24)             ; 0 (0)                     ; 0           ; 0          ; 0            ; 0       ; 0         ; 0    ; 0            ; 0          ; |main|f:blk[1].f_inst|S3:S3_inst  ; S3          ; work         ;
;       |S4:S4_inst|         ; 24 (24)             ; 0 (0)                     ; 0           ; 0          ; 0            ; 0       ; 0         ; 0    ; 0            ; 0          ; |main|f:blk[1].f_inst|S4:S4_inst  ; S4          ; work         ;
;       |S5:S5_inst|         ; 24 (24)             ; 0 (0)                     ; 0           ; 0          ; 0            ; 0       ; 0         ; 0    ; 0            ; 0          ; |main|f:blk[1].f_inst|S5:S5_inst  ; S5          ; work         ;
;       |S6:S6_inst|         ; 23 (23)             ; 0 (0)                     ; 0           ; 0          ; 0            ; 0       ; 0         ; 0    ; 0            ; 0          ; |main|f:blk[1].f_inst|S6:S6_inst  ; S6          ; work         ;
;       |S7:S7_inst|         ; 23 (23)             ; 0 (0)                     ; 0           ; 0          ; 0            ; 0       ; 0         ; 0    ; 0            ; 0          ; |main|f:blk[1].f_inst|S7:S7_inst  ; S7          ; work         ;
;       |S8:S8_inst|         ; 24 (24)             ; 0 (0)                     ; 0           ; 0          ; 0            ; 0       ; 0         ; 0    ; 0            ; 0          ; |main|f:blk[1].f_inst|S8:S8_inst  ; S8          ; work         ;
;    |f:blk[2].f_inst|       ; 236 (48)            ; 0 (0)                     ; 0           ; 0          ; 0            ; 0       ; 0         ; 0    ; 0            ; 0          ; |main|f:blk[2].f_inst             ; f           ; work         ;
;       |S1:S1_inst|         ; 24 (24)             ; 0 (0)                     ; 0           ; 0          ; 0            ; 0       ; 0         ; 0    ; 0            ; 0          ; |main|f:blk[2].f_inst|S1:S1_inst  ; S1          ; work         ;
;       |S2:S2_inst|         ; 22 (22)             ; 0 (0)                     ; 0           ; 0          ; 0            ; 0       ; 0         ; 0    ; 0            ; 0          ; |main|f:blk[2].f_inst|S2:S2_inst  ; S2          ; work         ;
;       |S3:S3_inst|         ; 24 (24)             ; 0 (0)                     ; 0           ; 0          ; 0            ; 0       ; 0         ; 0    ; 0            ; 0          ; |main|f:blk[2].f_inst|S3:S3_inst  ; S3          ; work         ;
;       |S4:S4_inst|         ; 24 (24)             ; 0 (0)                     ; 0           ; 0          ; 0            ; 0       ; 0         ; 0    ; 0            ; 0          ; |main|f:blk[2].f_inst|S4:S4_inst  ; S4          ; work         ;
;       |S5:S5_inst|         ; 24 (24)             ; 0 (0)                     ; 0           ; 0          ; 0            ; 0       ; 0         ; 0    ; 0            ; 0          ; |main|f:blk[2].f_inst|S5:S5_inst  ; S5          ; work         ;
;       |S6:S6_inst|         ; 23 (23)             ; 0 (0)                     ; 0           ; 0          ; 0            ; 0       ; 0         ; 0    ; 0            ; 0          ; |main|f:blk[2].f_inst|S6:S6_inst  ; S6          ; work         ;
;       |S7:S7_inst|         ; 23 (23)             ; 0 (0)                     ; 0           ; 0          ; 0            ; 0       ; 0         ; 0    ; 0            ; 0          ; |main|f:blk[2].f_inst|S7:S7_inst  ; S7          ; work         ;
;       |S8:S8_inst|         ; 24 (24)             ; 0 (0)                     ; 0           ; 0          ; 0            ; 0       ; 0         ; 0    ; 0            ; 0          ; |main|f:blk[2].f_inst|S8:S8_inst  ; S8          ; work         ;
;    |f:blk[3].f_inst|       ; 236 (48)            ; 0 (0)                     ; 0           ; 0          ; 0            ; 0       ; 0         ; 0    ; 0            ; 0          ; |main|f:blk[3].f_inst             ; f           ; work         ;
;       |S1:S1_inst|         ; 24 (24)             ; 0 (0)                     ; 0           ; 0          ; 0            ; 0       ; 0         ; 0    ; 0            ; 0          ; |main|f:blk[3].f_inst|S1:S1_inst  ; S1          ; work         ;
;       |S2:S2_inst|         ; 22 (22)             ; 0 (0)                     ; 0           ; 0          ; 0            ; 0       ; 0         ; 0    ; 0            ; 0          ; |main|f:blk[3].f_inst|S2:S2_inst  ; S2          ; work         ;
;       |S3:S3_inst|         ; 24 (24)             ; 0 (0)                     ; 0           ; 0          ; 0            ; 0       ; 0         ; 0    ; 0            ; 0          ; |main|f:blk[3].f_inst|S3:S3_inst  ; S3          ; work         ;
;       |S4:S4_inst|         ; 24 (24)             ; 0 (0)                     ; 0           ; 0          ; 0            ; 0       ; 0         ; 0    ; 0            ; 0          ; |main|f:blk[3].f_inst|S4:S4_inst  ; S4          ; work         ;
;       |S5:S5_inst|         ; 24 (24)             ; 0 (0)                     ; 0           ; 0          ; 0            ; 0       ; 0         ; 0    ; 0            ; 0          ; |main|f:blk[3].f_inst|S5:S5_inst  ; S5          ; work         ;
;       |S6:S6_inst|         ; 23 (23)             ; 0 (0)                     ; 0           ; 0          ; 0            ; 0       ; 0         ; 0    ; 0            ; 0          ; |main|f:blk[3].f_inst|S6:S6_inst  ; S6          ; work         ;
;       |S7:S7_inst|         ; 23 (23)             ; 0 (0)                     ; 0           ; 0          ; 0            ; 0       ; 0         ; 0    ; 0            ; 0          ; |main|f:blk[3].f_inst|S7:S7_inst  ; S7          ; work         ;
;       |S8:S8_inst|         ; 24 (24)             ; 0 (0)                     ; 0           ; 0          ; 0            ; 0       ; 0         ; 0    ; 0            ; 0          ; |main|f:blk[3].f_inst|S8:S8_inst  ; S8          ; work         ;
;    |f:blk[4].f_inst|       ; 236 (48)            ; 0 (0)                     ; 0           ; 0          ; 0            ; 0       ; 0         ; 0    ; 0            ; 0          ; |main|f:blk[4].f_inst             ; f           ; work         ;
;       |S1:S1_inst|         ; 24 (24)             ; 0 (0)                     ; 0           ; 0          ; 0            ; 0       ; 0         ; 0    ; 0            ; 0          ; |main|f:blk[4].f_inst|S1:S1_inst  ; S1          ; work         ;
;       |S2:S2_inst|         ; 22 (22)             ; 0 (0)                     ; 0           ; 0          ; 0            ; 0       ; 0         ; 0    ; 0            ; 0          ; |main|f:blk[4].f_inst|S2:S2_inst  ; S2          ; work         ;
;       |S3:S3_inst|         ; 24 (24)             ; 0 (0)                     ; 0           ; 0          ; 0            ; 0       ; 0         ; 0    ; 0            ; 0          ; |main|f:blk[4].f_inst|S3:S3_inst  ; S3          ; work         ;
;       |S4:S4_inst|         ; 24 (24)             ; 0 (0)                     ; 0           ; 0          ; 0            ; 0       ; 0         ; 0    ; 0            ; 0          ; |main|f:blk[4].f_inst|S4:S4_inst  ; S4          ; work         ;
;       |S5:S5_inst|         ; 24 (24)             ; 0 (0)                     ; 0           ; 0          ; 0            ; 0       ; 0         ; 0    ; 0            ; 0          ; |main|f:blk[4].f_inst|S5:S5_inst  ; S5          ; work         ;
;       |S6:S6_inst|         ; 23 (23)             ; 0 (0)                     ; 0           ; 0          ; 0            ; 0       ; 0         ; 0    ; 0            ; 0          ; |main|f:blk[4].f_inst|S6:S6_inst  ; S6          ; work         ;
;       |S7:S7_inst|         ; 23 (23)             ; 0 (0)                     ; 0           ; 0          ; 0            ; 0       ; 0         ; 0    ; 0            ; 0          ; |main|f:blk[4].f_inst|S7:S7_inst  ; S7          ; work         ;
;       |S8:S8_inst|         ; 24 (24)             ; 0 (0)                     ; 0           ; 0          ; 0            ; 0       ; 0         ; 0    ; 0            ; 0          ; |main|f:blk[4].f_inst|S8:S8_inst  ; S8          ; work         ;
;    |f:blk[5].f_inst|       ; 225 (48)            ; 0 (0)                     ; 0           ; 0          ; 0            ; 0       ; 0         ; 0    ; 0            ; 0          ; |main|f:blk[5].f_inst             ; f           ; work         ;
;       |S1:S1_inst|         ; 24 (24)             ; 0 (0)                     ; 0           ; 0          ; 0            ; 0       ; 0         ; 0    ; 0            ; 0          ; |main|f:blk[5].f_inst|S1:S1_inst  ; S1          ; work         ;
;       |S2:S2_inst|         ; 22 (22)             ; 0 (0)                     ; 0           ; 0          ; 0            ; 0       ; 0         ; 0    ; 0            ; 0          ; |main|f:blk[5].f_inst|S2:S2_inst  ; S2          ; work         ;
;       |S3:S3_inst|         ; 24 (24)             ; 0 (0)                     ; 0           ; 0          ; 0            ; 0       ; 0         ; 0    ; 0            ; 0          ; |main|f:blk[5].f_inst|S3:S3_inst  ; S3          ; work         ;
;       |S4:S4_inst|         ; 24 (24)             ; 0 (0)                     ; 0           ; 0          ; 0            ; 0       ; 0         ; 0    ; 0            ; 0          ; |main|f:blk[5].f_inst|S4:S4_inst  ; S4          ; work         ;
;       |S5:S5_inst|         ; 24 (24)             ; 0 (0)                     ; 0           ; 0          ; 0            ; 0       ; 0         ; 0    ; 0            ; 0          ; |main|f:blk[5].f_inst|S5:S5_inst  ; S5          ; work         ;
;       |S6:S6_inst|         ; 23 (23)             ; 0 (0)                     ; 0           ; 0          ; 0            ; 0       ; 0         ; 0    ; 0            ; 0          ; |main|f:blk[5].f_inst|S6:S6_inst  ; S6          ; work         ;
;       |S7:S7_inst|         ; 18 (18)             ; 0 (0)                     ; 0           ; 0          ; 0            ; 0       ; 0         ; 0    ; 0            ; 0          ; |main|f:blk[5].f_inst|S7:S7_inst  ; S7          ; work         ;
;       |S8:S8_inst|         ; 18 (18)             ; 0 (0)                     ; 0           ; 0          ; 0            ; 0       ; 0         ; 0    ; 0            ; 0          ; |main|f:blk[5].f_inst|S8:S8_inst  ; S8          ; work         ;
;    |f:blk[6].f_inst|       ; 225 (48)            ; 0 (0)                     ; 0           ; 0          ; 0            ; 0       ; 0         ; 0    ; 0            ; 0          ; |main|f:blk[6].f_inst             ; f           ; work         ;
;       |S1:S1_inst|         ; 24 (24)             ; 0 (0)                     ; 0           ; 0          ; 0            ; 0       ; 0         ; 0    ; 0            ; 0          ; |main|f:blk[6].f_inst|S1:S1_inst  ; S1          ; work         ;
;       |S2:S2_inst|         ; 22 (22)             ; 0 (0)                     ; 0           ; 0          ; 0            ; 0       ; 0         ; 0    ; 0            ; 0          ; |main|f:blk[6].f_inst|S2:S2_inst  ; S2          ; work         ;
;       |S3:S3_inst|         ; 24 (24)             ; 0 (0)                     ; 0           ; 0          ; 0            ; 0       ; 0         ; 0    ; 0            ; 0          ; |main|f:blk[6].f_inst|S3:S3_inst  ; S3          ; work         ;
;       |S4:S4_inst|         ; 24 (24)             ; 0 (0)                     ; 0           ; 0          ; 0            ; 0       ; 0         ; 0    ; 0            ; 0          ; |main|f:blk[6].f_inst|S4:S4_inst  ; S4          ; work         ;
;       |S5:S5_inst|         ; 24 (24)             ; 0 (0)                     ; 0           ; 0          ; 0            ; 0       ; 0         ; 0    ; 0            ; 0          ; |main|f:blk[6].f_inst|S5:S5_inst  ; S5          ; work         ;
;       |S6:S6_inst|         ; 23 (23)             ; 0 (0)                     ; 0           ; 0          ; 0            ; 0       ; 0         ; 0    ; 0            ; 0          ; |main|f:blk[6].f_inst|S6:S6_inst  ; S6          ; work         ;
;       |S7:S7_inst|         ; 18 (18)             ; 0 (0)                     ; 0           ; 0          ; 0            ; 0       ; 0         ; 0    ; 0            ; 0          ; |main|f:blk[6].f_inst|S7:S7_inst  ; S7          ; work         ;
;       |S8:S8_inst|         ; 18 (18)             ; 0 (0)                     ; 0           ; 0          ; 0            ; 0       ; 0         ; 0    ; 0            ; 0          ; |main|f:blk[6].f_inst|S8:S8_inst  ; S8          ; work         ;
;    |f:blk[7].f_inst|       ; 236 (48)            ; 0 (0)                     ; 0           ; 0          ; 0            ; 0       ; 0         ; 0    ; 0            ; 0          ; |main|f:blk[7].f_inst             ; f           ; work         ;
;       |S1:S1_inst|         ; 24 (24)             ; 0 (0)                     ; 0           ; 0          ; 0            ; 0       ; 0         ; 0    ; 0            ; 0          ; |main|f:blk[7].f_inst|S1:S1_inst  ; S1          ; work         ;
;       |S2:S2_inst|         ; 22 (22)             ; 0 (0)                     ; 0           ; 0          ; 0            ; 0       ; 0         ; 0    ; 0            ; 0          ; |main|f:blk[7].f_inst|S2:S2_inst  ; S2          ; work         ;
;       |S3:S3_inst|         ; 24 (24)             ; 0 (0)                     ; 0           ; 0          ; 0            ; 0       ; 0         ; 0    ; 0            ; 0          ; |main|f:blk[7].f_inst|S3:S3_inst  ; S3          ; work         ;
;       |S4:S4_inst|         ; 24 (24)             ; 0 (0)                     ; 0           ; 0          ; 0            ; 0       ; 0         ; 0    ; 0            ; 0          ; |main|f:blk[7].f_inst|S4:S4_inst  ; S4          ; work         ;
;       |S5:S5_inst|         ; 24 (24)             ; 0 (0)                     ; 0           ; 0          ; 0            ; 0       ; 0         ; 0    ; 0            ; 0          ; |main|f:blk[7].f_inst|S5:S5_inst  ; S5          ; work         ;
;       |S6:S6_inst|         ; 23 (23)             ; 0 (0)                     ; 0           ; 0          ; 0            ; 0       ; 0         ; 0    ; 0            ; 0          ; |main|f:blk[7].f_inst|S6:S6_inst  ; S6          ; work         ;
;       |S7:S7_inst|         ; 23 (23)             ; 0 (0)                     ; 0           ; 0          ; 0            ; 0       ; 0         ; 0    ; 0            ; 0          ; |main|f:blk[7].f_inst|S7:S7_inst  ; S7          ; work         ;
;       |S8:S8_inst|         ; 24 (24)             ; 0 (0)                     ; 0           ; 0          ; 0            ; 0       ; 0         ; 0    ; 0            ; 0          ; |main|f:blk[7].f_inst|S8:S8_inst  ; S8          ; work         ;
;    |f:blk[8].f_inst|       ; 236 (48)            ; 0 (0)                     ; 0           ; 0          ; 0            ; 0       ; 0         ; 0    ; 0            ; 0          ; |main|f:blk[8].f_inst             ; f           ; work         ;
;       |S1:S1_inst|         ; 24 (24)             ; 0 (0)                     ; 0           ; 0          ; 0            ; 0       ; 0         ; 0    ; 0            ; 0          ; |main|f:blk[8].f_inst|S1:S1_inst  ; S1          ; work         ;
;       |S2:S2_inst|         ; 22 (22)             ; 0 (0)                     ; 0           ; 0          ; 0            ; 0       ; 0         ; 0    ; 0            ; 0          ; |main|f:blk[8].f_inst|S2:S2_inst  ; S2          ; work         ;
;       |S3:S3_inst|         ; 24 (24)             ; 0 (0)                     ; 0           ; 0          ; 0            ; 0       ; 0         ; 0    ; 0            ; 0          ; |main|f:blk[8].f_inst|S3:S3_inst  ; S3          ; work         ;
;       |S4:S4_inst|         ; 24 (24)             ; 0 (0)                     ; 0           ; 0          ; 0            ; 0       ; 0         ; 0    ; 0            ; 0          ; |main|f:blk[8].f_inst|S4:S4_inst  ; S4          ; work         ;
;       |S5:S5_inst|         ; 24 (24)             ; 0 (0)                     ; 0           ; 0          ; 0            ; 0       ; 0         ; 0    ; 0            ; 0          ; |main|f:blk[8].f_inst|S5:S5_inst  ; S5          ; work         ;
;       |S6:S6_inst|         ; 23 (23)             ; 0 (0)                     ; 0           ; 0          ; 0            ; 0       ; 0         ; 0    ; 0            ; 0          ; |main|f:blk[8].f_inst|S6:S6_inst  ; S6          ; work         ;
;       |S7:S7_inst|         ; 23 (23)             ; 0 (0)                     ; 0           ; 0          ; 0            ; 0       ; 0         ; 0    ; 0            ; 0          ; |main|f:blk[8].f_inst|S7:S7_inst  ; S7          ; work         ;
;       |S8:S8_inst|         ; 24 (24)             ; 0 (0)                     ; 0           ; 0          ; 0            ; 0       ; 0         ; 0    ; 0            ; 0          ; |main|f:blk[8].f_inst|S8:S8_inst  ; S8          ; work         ;
;    |f:blk[9].f_inst|       ; 234 (49)            ; 0 (0)                     ; 0           ; 0          ; 0            ; 0       ; 0         ; 0    ; 0            ; 0          ; |main|f:blk[9].f_inst             ; f           ; work         ;
;       |S1:S1_inst|         ; 24 (24)             ; 0 (0)                     ; 0           ; 0          ; 0            ; 0       ; 0         ; 0    ; 0            ; 0          ; |main|f:blk[9].f_inst|S1:S1_inst  ; S1          ; work         ;
;       |S2:S2_inst|         ; 24 (24)             ; 0 (0)                     ; 0           ; 0          ; 0            ; 0       ; 0         ; 0    ; 0            ; 0          ; |main|f:blk[9].f_inst|S2:S2_inst  ; S2          ; work         ;
;       |S3:S3_inst|         ; 24 (24)             ; 0 (0)                     ; 0           ; 0          ; 0            ; 0       ; 0         ; 0    ; 0            ; 0          ; |main|f:blk[9].f_inst|S3:S3_inst  ; S3          ; work         ;
;       |S4:S4_inst|         ; 24 (24)             ; 0 (0)                     ; 0           ; 0          ; 0            ; 0       ; 0         ; 0    ; 0            ; 0          ; |main|f:blk[9].f_inst|S4:S4_inst  ; S4          ; work         ;
;       |S5:S5_inst|         ; 24 (24)             ; 0 (0)                     ; 0           ; 0          ; 0            ; 0       ; 0         ; 0    ; 0            ; 0          ; |main|f:blk[9].f_inst|S5:S5_inst  ; S5          ; work         ;
;       |S6:S6_inst|         ; 18 (18)             ; 0 (0)                     ; 0           ; 0          ; 0            ; 0       ; 0         ; 0    ; 0            ; 0          ; |main|f:blk[9].f_inst|S6:S6_inst  ; S6          ; work         ;
;       |S7:S7_inst|         ; 23 (23)             ; 0 (0)                     ; 0           ; 0          ; 0            ; 0       ; 0         ; 0    ; 0            ; 0          ; |main|f:blk[9].f_inst|S7:S7_inst  ; S7          ; work         ;
;       |S8:S8_inst|         ; 24 (24)             ; 0 (0)                     ; 0           ; 0          ; 0            ; 0       ; 0         ; 0    ; 0            ; 0          ; |main|f:blk[9].f_inst|S8:S8_inst  ; S8          ; work         ;
+----------------------------+---------------------+---------------------------+-------------+------------+--------------+---------+-----------+------+--------------+------------+-----------------------------------+-------------+--------------+
Note: For table entries with two numbers listed, the numbers in parentheses indicate the number of resources of the given type used by the specific entity alone. The numbers listed outside of parentheses indicate the total resources of the given type used by the specific entity and all of its sub-entities in the hierarchy.


+------------------------------------------------------+
; General Register Statistics                          ;
+----------------------------------------------+-------+
; Statistic                                    ; Value ;
+----------------------------------------------+-------+
; Total registers                              ; 0     ;
; Number of registers using Synchronous Clear  ; 0     ;
; Number of registers using Synchronous Load   ; 0     ;
; Number of registers using Asynchronous Clear ; 0     ;
; Number of registers using Asynchronous Load  ; 0     ;
; Number of registers using Clock Enable       ; 0     ;
; Number of registers using Preset             ; 0     ;
+----------------------------------------------+-------+


+-----------------------------------------------------+
; Post-Synthesis Netlist Statistics for Top Partition ;
+-----------------------+-----------------------------+
; Type                  ; Count                       ;
+-----------------------+-----------------------------+
; boundary_port         ; 192                         ;
; cycloneiii_lcell_comb ; 3968                        ;
;     normal            ; 3968                        ;
;         2 data inputs ; 203                         ;
;         3 data inputs ; 411                         ;
;         4 data inputs ; 3354                        ;
;                       ;                             ;
; Max LUT depth         ; 72.00                       ;
; Average LUT depth     ; 71.12                       ;
+-----------------------+-----------------------------+


+-------------------------------+
; Elapsed Time Per Partition    ;
+----------------+--------------+
; Partition Name ; Elapsed Time ;
+----------------+--------------+
; Top            ; 00:01:27     ;
+----------------+--------------+


+-------------------------------+
; Analysis & Synthesis Messages ;
+-------------------------------+
Info: *******************************************************************
Info: Running Quartus Prime Analysis & Synthesis
    Info: Version 20.1.1 Build 720 11/11/2020 SJ Lite Edition
    Info: Processing started: Wed Apr 05 20:12:18 2023
Info: Command: quartus_map --read_settings_files=on --write_settings_files=off main -c main
Warning (18236): Number of processors has not been specified which may cause overloading on shared machines.  Set the global assignment NUM_PARALLEL_PROCESSORS in your QSF to an appropriate value for best performance.
Info (20030): Parallel compilation is enabled and will use 2 of the 2 processors detected
Info (12021): Found 4 design units, including 4 entities, in source file main.v
    Info (12023): Found entity 1: f File: C:/Users/nguye/OneDrive/Documents/github/FPGA_Verilog/7.DES/main.v Line: 2
    Info (12023): Found entity 2: KS_left_shift File: C:/Users/nguye/OneDrive/Documents/github/FPGA_Verilog/7.DES/main.v Line: 25
    Info (12023): Found entity 3: KS File: C:/Users/nguye/OneDrive/Documents/github/FPGA_Verilog/7.DES/main.v Line: 30
    Info (12023): Found entity 4: main File: C:/Users/nguye/OneDrive/Documents/github/FPGA_Verilog/7.DES/main.v Line: 84
Warning (12019): Can't analyze file -- file output_files/PC1.v is missing
Warning (12019): Can't analyze file -- file output_files/testbench.v is missing
Info (12127): Elaborating entity "main" for the top level hierarchy
Warning (12125): Using design file ip.v, which is not specified as a design file for the current project, but contains definitions for 1 design units and 1 entities in project
    Info (12023): Found entity 1: IP File: C:/Users/nguye/OneDrive/Documents/github/FPGA_Verilog/7.DES/ip.v Line: 1
Info (12128): Elaborating entity "IP" for hierarchy "IP:ip_inst" File: C:/Users/nguye/OneDrive/Documents/github/FPGA_Verilog/7.DES/main.v Line: 90
Info (12128): Elaborating entity "KS" for hierarchy "KS:ks_inst" File: C:/Users/nguye/OneDrive/Documents/github/FPGA_Verilog/7.DES/main.v Line: 99
Warning (10230): Verilog HDL assignment warning at main.v(58): truncated value with size 32 to match size of target (5) File: C:/Users/nguye/OneDrive/Documents/github/FPGA_Verilog/7.DES/main.v Line: 58
Warning (12125): Using design file pc1.v, which is not specified as a design file for the current project, but contains definitions for 1 design units and 1 entities in project
    Info (12023): Found entity 1: PC1 File: C:/Users/nguye/OneDrive/Documents/github/FPGA_Verilog/7.DES/pc1.v Line: 1
Info (12128): Elaborating entity "PC1" for hierarchy "KS:ks_inst|PC1:pc1_inst" File: C:/Users/nguye/OneDrive/Documents/github/FPGA_Verilog/7.DES/main.v Line: 47
Info (12128): Elaborating entity "KS_left_shift" for hierarchy "KS:ks_inst|KS_left_shift:blk[1].KS_ls_inst1" File: C:/Users/nguye/OneDrive/Documents/github/FPGA_Verilog/7.DES/main.v Line: 59
Warning (12125): Using design file pc2.v, which is not specified as a design file for the current project, but contains definitions for 1 design units and 1 entities in project
    Info (12023): Found entity 1: PC2 File: C:/Users/nguye/OneDrive/Documents/github/FPGA_Verilog/7.DES/pc2.v Line: 1
Info (12128): Elaborating entity "PC2" for hierarchy "KS:ks_inst|PC2:blk[1].pc2_inst" File: C:/Users/nguye/OneDrive/Documents/github/FPGA_Verilog/7.DES/main.v Line: 61
Info (12128): Elaborating entity "f" for hierarchy "f:blk[1].f_inst" File: C:/Users/nguye/OneDrive/Documents/github/FPGA_Verilog/7.DES/main.v Line: 105
Warning (12125): Using design file e.v, which is not specified as a design file for the current project, but contains definitions for 1 design units and 1 entities in project
    Info (12023): Found entity 1: E File: C:/Users/nguye/OneDrive/Documents/github/FPGA_Verilog/7.DES/e.v Line: 1
Info (12128): Elaborating entity "E" for hierarchy "f:blk[1].f_inst|E:E_inst" File: C:/Users/nguye/OneDrive/Documents/github/FPGA_Verilog/7.DES/main.v Line: 4
Warning (12125): Using design file s1.v, which is not specified as a design file for the current project, but contains definitions for 1 design units and 1 entities in project
    Info (12023): Found entity 1: S1 File: C:/Users/nguye/OneDrive/Documents/github/FPGA_Verilog/7.DES/s1.v Line: 1
Info (12128): Elaborating entity "S1" for hierarchy "f:blk[1].f_inst|S1:S1_inst" File: C:/Users/nguye/OneDrive/Documents/github/FPGA_Verilog/7.DES/main.v Line: 12
Warning (12125): Using design file s2.v, which is not specified as a design file for the current project, but contains definitions for 1 design units and 1 entities in project
    Info (12023): Found entity 1: S2 File: C:/Users/nguye/OneDrive/Documents/github/FPGA_Verilog/7.DES/s2.v Line: 1
Info (12128): Elaborating entity "S2" for hierarchy "f:blk[1].f_inst|S2:S2_inst" File: C:/Users/nguye/OneDrive/Documents/github/FPGA_Verilog/7.DES/main.v Line: 13
Warning (12125): Using design file s3.v, which is not specified as a design file for the current project, but contains definitions for 1 design units and 1 entities in project
    Info (12023): Found entity 1: S3 File: C:/Users/nguye/OneDrive/Documents/github/FPGA_Verilog/7.DES/s3.v Line: 1
Info (12128): Elaborating entity "S3" for hierarchy "f:blk[1].f_inst|S3:S3_inst" File: C:/Users/nguye/OneDrive/Documents/github/FPGA_Verilog/7.DES/main.v Line: 14
Warning (12125): Using design file s4.v, which is not specified as a design file for the current project, but contains definitions for 1 design units and 1 entities in project
    Info (12023): Found entity 1: S4 File: C:/Users/nguye/OneDrive/Documents/github/FPGA_Verilog/7.DES/s4.v Line: 1
Info (12128): Elaborating entity "S4" for hierarchy "f:blk[1].f_inst|S4:S4_inst" File: C:/Users/nguye/OneDrive/Documents/github/FPGA_Verilog/7.DES/main.v Line: 15
Warning (12125): Using design file s5.v, which is not specified as a design file for the current project, but contains definitions for 1 design units and 1 entities in project
    Info (12023): Found entity 1: S5 File: C:/Users/nguye/OneDrive/Documents/github/FPGA_Verilog/7.DES/s5.v Line: 1
Info (12128): Elaborating entity "S5" for hierarchy "f:blk[1].f_inst|S5:S5_inst" File: C:/Users/nguye/OneDrive/Documents/github/FPGA_Verilog/7.DES/main.v Line: 16
Warning (12125): Using design file s6.v, which is not specified as a design file for the current project, but contains definitions for 1 design units and 1 entities in project
    Info (12023): Found entity 1: S6 File: C:/Users/nguye/OneDrive/Documents/github/FPGA_Verilog/7.DES/s6.v Line: 1
Info (12128): Elaborating entity "S6" for hierarchy "f:blk[1].f_inst|S6:S6_inst" File: C:/Users/nguye/OneDrive/Documents/github/FPGA_Verilog/7.DES/main.v Line: 17
Warning (12125): Using design file s7.v, which is not specified as a design file for the current project, but contains definitions for 1 design units and 1 entities in project
    Info (12023): Found entity 1: S7 File: C:/Users/nguye/OneDrive/Documents/github/FPGA_Verilog/7.DES/s7.v Line: 1
Info (12128): Elaborating entity "S7" for hierarchy "f:blk[1].f_inst|S7:S7_inst" File: C:/Users/nguye/OneDrive/Documents/github/FPGA_Verilog/7.DES/main.v Line: 18
Warning (12125): Using design file s8.v, which is not specified as a design file for the current project, but contains definitions for 1 design units and 1 entities in project
    Info (12023): Found entity 1: S8 File: C:/Users/nguye/OneDrive/Documents/github/FPGA_Verilog/7.DES/s8.v Line: 1
Info (12128): Elaborating entity "S8" for hierarchy "f:blk[1].f_inst|S8:S8_inst" File: C:/Users/nguye/OneDrive/Documents/github/FPGA_Verilog/7.DES/main.v Line: 19
Warning (12125): Using design file p.v, which is not specified as a design file for the current project, but contains definitions for 1 design units and 1 entities in project
    Info (12023): Found entity 1: P File: C:/Users/nguye/OneDrive/Documents/github/FPGA_Verilog/7.DES/p.v Line: 1
Info (12128): Elaborating entity "P" for hierarchy "f:blk[1].f_inst|P:P_inst" File: C:/Users/nguye/OneDrive/Documents/github/FPGA_Verilog/7.DES/main.v Line: 22
Warning (12125): Using design file ip_inv.v, which is not specified as a design file for the current project, but contains definitions for 1 design units and 1 entities in project
    Info (12023): Found entity 1: IP_inv File: C:/Users/nguye/OneDrive/Documents/github/FPGA_Verilog/7.DES/ip_inv.v Line: 1
Info (12128): Elaborating entity "IP_inv" for hierarchy "IP_inv:ip_inv_inst" File: C:/Users/nguye/OneDrive/Documents/github/FPGA_Verilog/7.DES/main.v Line: 110
Info (276014): Found 128 instances of uninferred RAM logic
    Info (276013): RAM logic "f:blk[2].f_inst|S5:S5_inst|Ram0" is uninferred because MIF is not supported for the selected family File: C:/Users/nguye/OneDrive/Documents/github/FPGA_Verilog/7.DES/s5.v Line: 2
    Info (276013): RAM logic "f:blk[4].f_inst|S5:S5_inst|Ram0" is uninferred because MIF is not supported for the selected family File: C:/Users/nguye/OneDrive/Documents/github/FPGA_Verilog/7.DES/s5.v Line: 2
    Info (276013): RAM logic "f:blk[6].f_inst|S5:S5_inst|Ram0" is uninferred because MIF is not supported for the selected family File: C:/Users/nguye/OneDrive/Documents/github/FPGA_Verilog/7.DES/s5.v Line: 2
    Info (276013): RAM logic "f:blk[8].f_inst|S5:S5_inst|Ram0" is uninferred because MIF is not supported for the selected family File: C:/Users/nguye/OneDrive/Documents/github/FPGA_Verilog/7.DES/s5.v Line: 2
    Info (276013): RAM logic "f:blk[10].f_inst|S5:S5_inst|Ram0" is uninferred because MIF is not supported for the selected family File: C:/Users/nguye/OneDrive/Documents/github/FPGA_Verilog/7.DES/s5.v Line: 2
    Info (276013): RAM logic "f:blk[12].f_inst|S5:S5_inst|Ram0" is uninferred because MIF is not supported for the selected family File: C:/Users/nguye/OneDrive/Documents/github/FPGA_Verilog/7.DES/s5.v Line: 2
    Info (276013): RAM logic "f:blk[14].f_inst|S5:S5_inst|Ram0" is uninferred because MIF is not supported for the selected family File: C:/Users/nguye/OneDrive/Documents/github/FPGA_Verilog/7.DES/s5.v Line: 2
    Info (276013): RAM logic "f:blk[16].f_inst|S5:S5_inst|Ram0" is uninferred because MIF is not supported for the selected family File: C:/Users/nguye/OneDrive/Documents/github/FPGA_Verilog/7.DES/s5.v Line: 2
    Info (276013): RAM logic "f:blk[1].f_inst|S5:S5_inst|Ram0" is uninferred because MIF is not supported for the selected family File: C:/Users/nguye/OneDrive/Documents/github/FPGA_Verilog/7.DES/s5.v Line: 2
    Info (276013): RAM logic "f:blk[3].f_inst|S5:S5_inst|Ram0" is uninferred because MIF is not supported for the selected family File: C:/Users/nguye/OneDrive/Documents/github/FPGA_Verilog/7.DES/s5.v Line: 2
    Info (276013): RAM logic "f:blk[5].f_inst|S5:S5_inst|Ram0" is uninferred because MIF is not supported for the selected family File: C:/Users/nguye/OneDrive/Documents/github/FPGA_Verilog/7.DES/s5.v Line: 2
    Info (276013): RAM logic "f:blk[7].f_inst|S5:S5_inst|Ram0" is uninferred because MIF is not supported for the selected family File: C:/Users/nguye/OneDrive/Documents/github/FPGA_Verilog/7.DES/s5.v Line: 2
    Info (276013): RAM logic "f:blk[9].f_inst|S5:S5_inst|Ram0" is uninferred because MIF is not supported for the selected family File: C:/Users/nguye/OneDrive/Documents/github/FPGA_Verilog/7.DES/s5.v Line: 2
    Info (276013): RAM logic "f:blk[11].f_inst|S5:S5_inst|Ram0" is uninferred because MIF is not supported for the selected family File: C:/Users/nguye/OneDrive/Documents/github/FPGA_Verilog/7.DES/s5.v Line: 2
    Info (276013): RAM logic "f:blk[13].f_inst|S5:S5_inst|Ram0" is uninferred because MIF is not supported for the selected family File: C:/Users/nguye/OneDrive/Documents/github/FPGA_Verilog/7.DES/s5.v Line: 2
    Info (276013): RAM logic "f:blk[15].f_inst|S5:S5_inst|Ram0" is uninferred because MIF is not supported for the selected family File: C:/Users/nguye/OneDrive/Documents/github/FPGA_Verilog/7.DES/s5.v Line: 2
    Info (276013): RAM logic "f:blk[2].f_inst|S1:S1_inst|Ram0" is uninferred because MIF is not supported for the selected family File: C:/Users/nguye/OneDrive/Documents/github/FPGA_Verilog/7.DES/s1.v Line: 2
    Info (276013): RAM logic "f:blk[4].f_inst|S1:S1_inst|Ram0" is uninferred because MIF is not supported for the selected family File: C:/Users/nguye/OneDrive/Documents/github/FPGA_Verilog/7.DES/s1.v Line: 2
    Info (276013): RAM logic "f:blk[6].f_inst|S1:S1_inst|Ram0" is uninferred because MIF is not supported for the selected family File: C:/Users/nguye/OneDrive/Documents/github/FPGA_Verilog/7.DES/s1.v Line: 2
    Info (276013): RAM logic "f:blk[8].f_inst|S1:S1_inst|Ram0" is uninferred because MIF is not supported for the selected family File: C:/Users/nguye/OneDrive/Documents/github/FPGA_Verilog/7.DES/s1.v Line: 2
    Info (276013): RAM logic "f:blk[10].f_inst|S1:S1_inst|Ram0" is uninferred because MIF is not supported for the selected family File: C:/Users/nguye/OneDrive/Documents/github/FPGA_Verilog/7.DES/s1.v Line: 2
    Info (276013): RAM logic "f:blk[12].f_inst|S1:S1_inst|Ram0" is uninferred because MIF is not supported for the selected family File: C:/Users/nguye/OneDrive/Documents/github/FPGA_Verilog/7.DES/s1.v Line: 2
    Info (276013): RAM logic "f:blk[14].f_inst|S1:S1_inst|Ram0" is uninferred because MIF is not supported for the selected family File: C:/Users/nguye/OneDrive/Documents/github/FPGA_Verilog/7.DES/s1.v Line: 2
    Info (276013): RAM logic "f:blk[16].f_inst|S1:S1_inst|Ram0" is uninferred because MIF is not supported for the selected family File: C:/Users/nguye/OneDrive/Documents/github/FPGA_Verilog/7.DES/s1.v Line: 2
    Info (276013): RAM logic "f:blk[1].f_inst|S1:S1_inst|Ram0" is uninferred because MIF is not supported for the selected family File: C:/Users/nguye/OneDrive/Documents/github/FPGA_Verilog/7.DES/s1.v Line: 2
    Info (276013): RAM logic "f:blk[3].f_inst|S1:S1_inst|Ram0" is uninferred because MIF is not supported for the selected family File: C:/Users/nguye/OneDrive/Documents/github/FPGA_Verilog/7.DES/s1.v Line: 2
    Info (276013): RAM logic "f:blk[5].f_inst|S1:S1_inst|Ram0" is uninferred because MIF is not supported for the selected family File: C:/Users/nguye/OneDrive/Documents/github/FPGA_Verilog/7.DES/s1.v Line: 2
    Info (276013): RAM logic "f:blk[7].f_inst|S1:S1_inst|Ram0" is uninferred because MIF is not supported for the selected family File: C:/Users/nguye/OneDrive/Documents/github/FPGA_Verilog/7.DES/s1.v Line: 2
    Info (276013): RAM logic "f:blk[9].f_inst|S1:S1_inst|Ram0" is uninferred because MIF is not supported for the selected family File: C:/Users/nguye/OneDrive/Documents/github/FPGA_Verilog/7.DES/s1.v Line: 2
    Info (276013): RAM logic "f:blk[11].f_inst|S1:S1_inst|Ram0" is uninferred because MIF is not supported for the selected family File: C:/Users/nguye/OneDrive/Documents/github/FPGA_Verilog/7.DES/s1.v Line: 2
    Info (276013): RAM logic "f:blk[13].f_inst|S1:S1_inst|Ram0" is uninferred because MIF is not supported for the selected family File: C:/Users/nguye/OneDrive/Documents/github/FPGA_Verilog/7.DES/s1.v Line: 2
    Info (276013): RAM logic "f:blk[15].f_inst|S1:S1_inst|Ram0" is uninferred because MIF is not supported for the selected family File: C:/Users/nguye/OneDrive/Documents/github/FPGA_Verilog/7.DES/s1.v Line: 2
    Info (276013): RAM logic "f:blk[2].f_inst|S4:S4_inst|Ram0" is uninferred because MIF is not supported for the selected family File: C:/Users/nguye/OneDrive/Documents/github/FPGA_Verilog/7.DES/s4.v Line: 2
    Info (276013): RAM logic "f:blk[4].f_inst|S4:S4_inst|Ram0" is uninferred because MIF is not supported for the selected family File: C:/Users/nguye/OneDrive/Documents/github/FPGA_Verilog/7.DES/s4.v Line: 2
    Info (276013): RAM logic "f:blk[6].f_inst|S4:S4_inst|Ram0" is uninferred because MIF is not supported for the selected family File: C:/Users/nguye/OneDrive/Documents/github/FPGA_Verilog/7.DES/s4.v Line: 2
    Info (276013): RAM logic "f:blk[8].f_inst|S4:S4_inst|Ram0" is uninferred because MIF is not supported for the selected family File: C:/Users/nguye/OneDrive/Documents/github/FPGA_Verilog/7.DES/s4.v Line: 2
    Info (276013): RAM logic "f:blk[10].f_inst|S4:S4_inst|Ram0" is uninferred because MIF is not supported for the selected family File: C:/Users/nguye/OneDrive/Documents/github/FPGA_Verilog/7.DES/s4.v Line: 2
    Info (276013): RAM logic "f:blk[12].f_inst|S4:S4_inst|Ram0" is uninferred because MIF is not supported for the selected family File: C:/Users/nguye/OneDrive/Documents/github/FPGA_Verilog/7.DES/s4.v Line: 2
    Info (276013): RAM logic "f:blk[14].f_inst|S4:S4_inst|Ram0" is uninferred because MIF is not supported for the selected family File: C:/Users/nguye/OneDrive/Documents/github/FPGA_Verilog/7.DES/s4.v Line: 2
    Info (276013): RAM logic "f:blk[16].f_inst|S4:S4_inst|Ram0" is uninferred because MIF is not supported for the selected family File: C:/Users/nguye/OneDrive/Documents/github/FPGA_Verilog/7.DES/s4.v Line: 2
    Info (276013): RAM logic "f:blk[1].f_inst|S4:S4_inst|Ram0" is uninferred because MIF is not supported for the selected family File: C:/Users/nguye/OneDrive/Documents/github/FPGA_Verilog/7.DES/s4.v Line: 2
    Info (276013): RAM logic "f:blk[3].f_inst|S4:S4_inst|Ram0" is uninferred because MIF is not supported for the selected family File: C:/Users/nguye/OneDrive/Documents/github/FPGA_Verilog/7.DES/s4.v Line: 2
    Info (276013): RAM logic "f:blk[5].f_inst|S4:S4_inst|Ram0" is uninferred because MIF is not supported for the selected family File: C:/Users/nguye/OneDrive/Documents/github/FPGA_Verilog/7.DES/s4.v Line: 2
    Info (276013): RAM logic "f:blk[7].f_inst|S4:S4_inst|Ram0" is uninferred because MIF is not supported for the selected family File: C:/Users/nguye/OneDrive/Documents/github/FPGA_Verilog/7.DES/s4.v Line: 2
    Info (276013): RAM logic "f:blk[9].f_inst|S4:S4_inst|Ram0" is uninferred because MIF is not supported for the selected family File: C:/Users/nguye/OneDrive/Documents/github/FPGA_Verilog/7.DES/s4.v Line: 2
    Info (276013): RAM logic "f:blk[11].f_inst|S4:S4_inst|Ram0" is uninferred because MIF is not supported for the selected family File: C:/Users/nguye/OneDrive/Documents/github/FPGA_Verilog/7.DES/s4.v Line: 2
    Info (276013): RAM logic "f:blk[13].f_inst|S4:S4_inst|Ram0" is uninferred because MIF is not supported for the selected family File: C:/Users/nguye/OneDrive/Documents/github/FPGA_Verilog/7.DES/s4.v Line: 2
    Info (276013): RAM logic "f:blk[15].f_inst|S4:S4_inst|Ram0" is uninferred because MIF is not supported for the selected family File: C:/Users/nguye/OneDrive/Documents/github/FPGA_Verilog/7.DES/s4.v Line: 2
    Info (276013): RAM logic "f:blk[2].f_inst|S2:S2_inst|Ram0" is uninferred because MIF is not supported for the selected family File: C:/Users/nguye/OneDrive/Documents/github/FPGA_Verilog/7.DES/s2.v Line: 2
    Info (276013): RAM logic "f:blk[4].f_inst|S2:S2_inst|Ram0" is uninferred because MIF is not supported for the selected family File: C:/Users/nguye/OneDrive/Documents/github/FPGA_Verilog/7.DES/s2.v Line: 2
    Info (276013): RAM logic "f:blk[6].f_inst|S2:S2_inst|Ram0" is uninferred because MIF is not supported for the selected family File: C:/Users/nguye/OneDrive/Documents/github/FPGA_Verilog/7.DES/s2.v Line: 2
    Info (276013): RAM logic "f:blk[8].f_inst|S2:S2_inst|Ram0" is uninferred because MIF is not supported for the selected family File: C:/Users/nguye/OneDrive/Documents/github/FPGA_Verilog/7.DES/s2.v Line: 2
    Info (276013): RAM logic "f:blk[10].f_inst|S2:S2_inst|Ram0" is uninferred because MIF is not supported for the selected family File: C:/Users/nguye/OneDrive/Documents/github/FPGA_Verilog/7.DES/s2.v Line: 2
    Info (276013): RAM logic "f:blk[12].f_inst|S2:S2_inst|Ram0" is uninferred because MIF is not supported for the selected family File: C:/Users/nguye/OneDrive/Documents/github/FPGA_Verilog/7.DES/s2.v Line: 2
    Info (276013): RAM logic "f:blk[14].f_inst|S2:S2_inst|Ram0" is uninferred because MIF is not supported for the selected family File: C:/Users/nguye/OneDrive/Documents/github/FPGA_Verilog/7.DES/s2.v Line: 2
    Info (276013): RAM logic "f:blk[16].f_inst|S2:S2_inst|Ram0" is uninferred because MIF is not supported for the selected family File: C:/Users/nguye/OneDrive/Documents/github/FPGA_Verilog/7.DES/s2.v Line: 2
    Info (276013): RAM logic "f:blk[1].f_inst|S2:S2_inst|Ram0" is uninferred because MIF is not supported for the selected family File: C:/Users/nguye/OneDrive/Documents/github/FPGA_Verilog/7.DES/s2.v Line: 2
    Info (276013): RAM logic "f:blk[3].f_inst|S2:S2_inst|Ram0" is uninferred because MIF is not supported for the selected family File: C:/Users/nguye/OneDrive/Documents/github/FPGA_Verilog/7.DES/s2.v Line: 2
    Info (276013): RAM logic "f:blk[5].f_inst|S2:S2_inst|Ram0" is uninferred because MIF is not supported for the selected family File: C:/Users/nguye/OneDrive/Documents/github/FPGA_Verilog/7.DES/s2.v Line: 2
    Info (276013): RAM logic "f:blk[7].f_inst|S2:S2_inst|Ram0" is uninferred because MIF is not supported for the selected family File: C:/Users/nguye/OneDrive/Documents/github/FPGA_Verilog/7.DES/s2.v Line: 2
    Info (276013): RAM logic "f:blk[9].f_inst|S2:S2_inst|Ram0" is uninferred because MIF is not supported for the selected family File: C:/Users/nguye/OneDrive/Documents/github/FPGA_Verilog/7.DES/s2.v Line: 2
    Info (276013): RAM logic "f:blk[11].f_inst|S2:S2_inst|Ram0" is uninferred because MIF is not supported for the selected family File: C:/Users/nguye/OneDrive/Documents/github/FPGA_Verilog/7.DES/s2.v Line: 2
    Info (276013): RAM logic "f:blk[13].f_inst|S2:S2_inst|Ram0" is uninferred because MIF is not supported for the selected family File: C:/Users/nguye/OneDrive/Documents/github/FPGA_Verilog/7.DES/s2.v Line: 2
    Info (276013): RAM logic "f:blk[15].f_inst|S2:S2_inst|Ram0" is uninferred because MIF is not supported for the selected family File: C:/Users/nguye/OneDrive/Documents/github/FPGA_Verilog/7.DES/s2.v Line: 2
    Info (276013): RAM logic "f:blk[2].f_inst|S8:S8_inst|Ram0" is uninferred because MIF is not supported for the selected family File: C:/Users/nguye/OneDrive/Documents/github/FPGA_Verilog/7.DES/s8.v Line: 2
    Info (276013): RAM logic "f:blk[4].f_inst|S8:S8_inst|Ram0" is uninferred because MIF is not supported for the selected family File: C:/Users/nguye/OneDrive/Documents/github/FPGA_Verilog/7.DES/s8.v Line: 2
    Info (276013): RAM logic "f:blk[6].f_inst|S8:S8_inst|Ram0" is uninferred because MIF is not supported for the selected family File: C:/Users/nguye/OneDrive/Documents/github/FPGA_Verilog/7.DES/s8.v Line: 2
    Info (276013): RAM logic "f:blk[8].f_inst|S8:S8_inst|Ram0" is uninferred because MIF is not supported for the selected family File: C:/Users/nguye/OneDrive/Documents/github/FPGA_Verilog/7.DES/s8.v Line: 2
    Info (276013): RAM logic "f:blk[10].f_inst|S8:S8_inst|Ram0" is uninferred because MIF is not supported for the selected family File: C:/Users/nguye/OneDrive/Documents/github/FPGA_Verilog/7.DES/s8.v Line: 2
    Info (276013): RAM logic "f:blk[12].f_inst|S8:S8_inst|Ram0" is uninferred because MIF is not supported for the selected family File: C:/Users/nguye/OneDrive/Documents/github/FPGA_Verilog/7.DES/s8.v Line: 2
    Info (276013): RAM logic "f:blk[14].f_inst|S8:S8_inst|Ram0" is uninferred because MIF is not supported for the selected family File: C:/Users/nguye/OneDrive/Documents/github/FPGA_Verilog/7.DES/s8.v Line: 2
    Info (276013): RAM logic "f:blk[16].f_inst|S8:S8_inst|Ram0" is uninferred because MIF is not supported for the selected family File: C:/Users/nguye/OneDrive/Documents/github/FPGA_Verilog/7.DES/s8.v Line: 2
    Info (276013): RAM logic "f:blk[1].f_inst|S8:S8_inst|Ram0" is uninferred because MIF is not supported for the selected family File: C:/Users/nguye/OneDrive/Documents/github/FPGA_Verilog/7.DES/s8.v Line: 2
    Info (276013): RAM logic "f:blk[3].f_inst|S8:S8_inst|Ram0" is uninferred because MIF is not supported for the selected family File: C:/Users/nguye/OneDrive/Documents/github/FPGA_Verilog/7.DES/s8.v Line: 2
    Info (276013): RAM logic "f:blk[5].f_inst|S8:S8_inst|Ram0" is uninferred because MIF is not supported for the selected family File: C:/Users/nguye/OneDrive/Documents/github/FPGA_Verilog/7.DES/s8.v Line: 2
    Info (276013): RAM logic "f:blk[7].f_inst|S8:S8_inst|Ram0" is uninferred because MIF is not supported for the selected family File: C:/Users/nguye/OneDrive/Documents/github/FPGA_Verilog/7.DES/s8.v Line: 2
    Info (276013): RAM logic "f:blk[9].f_inst|S8:S8_inst|Ram0" is uninferred because MIF is not supported for the selected family File: C:/Users/nguye/OneDrive/Documents/github/FPGA_Verilog/7.DES/s8.v Line: 2
    Info (276013): RAM logic "f:blk[11].f_inst|S8:S8_inst|Ram0" is uninferred because MIF is not supported for the selected family File: C:/Users/nguye/OneDrive/Documents/github/FPGA_Verilog/7.DES/s8.v Line: 2
    Info (276013): RAM logic "f:blk[13].f_inst|S8:S8_inst|Ram0" is uninferred because MIF is not supported for the selected family File: C:/Users/nguye/OneDrive/Documents/github/FPGA_Verilog/7.DES/s8.v Line: 2
    Info (276013): RAM logic "f:blk[15].f_inst|S8:S8_inst|Ram0" is uninferred because MIF is not supported for the selected family File: C:/Users/nguye/OneDrive/Documents/github/FPGA_Verilog/7.DES/s8.v Line: 2
    Info (276013): RAM logic "f:blk[2].f_inst|S6:S6_inst|Ram0" is uninferred because MIF is not supported for the selected family File: C:/Users/nguye/OneDrive/Documents/github/FPGA_Verilog/7.DES/s6.v Line: 2
    Info (276013): RAM logic "f:blk[4].f_inst|S6:S6_inst|Ram0" is uninferred because MIF is not supported for the selected family File: C:/Users/nguye/OneDrive/Documents/github/FPGA_Verilog/7.DES/s6.v Line: 2
    Info (276013): RAM logic "f:blk[6].f_inst|S6:S6_inst|Ram0" is uninferred because MIF is not supported for the selected family File: C:/Users/nguye/OneDrive/Documents/github/FPGA_Verilog/7.DES/s6.v Line: 2
    Info (276013): RAM logic "f:blk[8].f_inst|S6:S6_inst|Ram0" is uninferred because MIF is not supported for the selected family File: C:/Users/nguye/OneDrive/Documents/github/FPGA_Verilog/7.DES/s6.v Line: 2
    Info (276013): RAM logic "f:blk[10].f_inst|S6:S6_inst|Ram0" is uninferred because MIF is not supported for the selected family File: C:/Users/nguye/OneDrive/Documents/github/FPGA_Verilog/7.DES/s6.v Line: 2
    Info (276013): RAM logic "f:blk[12].f_inst|S6:S6_inst|Ram0" is uninferred because MIF is not supported for the selected family File: C:/Users/nguye/OneDrive/Documents/github/FPGA_Verilog/7.DES/s6.v Line: 2
    Info (276013): RAM logic "f:blk[14].f_inst|S6:S6_inst|Ram0" is uninferred because MIF is not supported for the selected family File: C:/Users/nguye/OneDrive/Documents/github/FPGA_Verilog/7.DES/s6.v Line: 2
    Info (276013): RAM logic "f:blk[16].f_inst|S6:S6_inst|Ram0" is uninferred because MIF is not supported for the selected family File: C:/Users/nguye/OneDrive/Documents/github/FPGA_Verilog/7.DES/s6.v Line: 2
    Info (276013): RAM logic "f:blk[1].f_inst|S6:S6_inst|Ram0" is uninferred because MIF is not supported for the selected family File: C:/Users/nguye/OneDrive/Documents/github/FPGA_Verilog/7.DES/s6.v Line: 2
    Info (276013): RAM logic "f:blk[3].f_inst|S6:S6_inst|Ram0" is uninferred because MIF is not supported for the selected family File: C:/Users/nguye/OneDrive/Documents/github/FPGA_Verilog/7.DES/s6.v Line: 2
    Info (276013): RAM logic "f:blk[5].f_inst|S6:S6_inst|Ram0" is uninferred because MIF is not supported for the selected family File: C:/Users/nguye/OneDrive/Documents/github/FPGA_Verilog/7.DES/s6.v Line: 2
    Info (276013): RAM logic "f:blk[7].f_inst|S6:S6_inst|Ram0" is uninferred because MIF is not supported for the selected family File: C:/Users/nguye/OneDrive/Documents/github/FPGA_Verilog/7.DES/s6.v Line: 2
    Info (276013): RAM logic "f:blk[9].f_inst|S6:S6_inst|Ram0" is uninferred because MIF is not supported for the selected family File: C:/Users/nguye/OneDrive/Documents/github/FPGA_Verilog/7.DES/s6.v Line: 2
    Info (276013): RAM logic "f:blk[11].f_inst|S6:S6_inst|Ram0" is uninferred because MIF is not supported for the selected family File: C:/Users/nguye/OneDrive/Documents/github/FPGA_Verilog/7.DES/s6.v Line: 2
    Info (276013): RAM logic "f:blk[13].f_inst|S6:S6_inst|Ram0" is uninferred because MIF is not supported for the selected family File: C:/Users/nguye/OneDrive/Documents/github/FPGA_Verilog/7.DES/s6.v Line: 2
    Info (276013): RAM logic "f:blk[15].f_inst|S6:S6_inst|Ram0" is uninferred because MIF is not supported for the selected family File: C:/Users/nguye/OneDrive/Documents/github/FPGA_Verilog/7.DES/s6.v Line: 2
    Info (276013): RAM logic "f:blk[2].f_inst|S7:S7_inst|Ram0" is uninferred because MIF is not supported for the selected family File: C:/Users/nguye/OneDrive/Documents/github/FPGA_Verilog/7.DES/s7.v Line: 2
    Info (276013): RAM logic "f:blk[4].f_inst|S7:S7_inst|Ram0" is uninferred because MIF is not supported for the selected family File: C:/Users/nguye/OneDrive/Documents/github/FPGA_Verilog/7.DES/s7.v Line: 2
    Info (276013): RAM logic "f:blk[6].f_inst|S7:S7_inst|Ram0" is uninferred because MIF is not supported for the selected family File: C:/Users/nguye/OneDrive/Documents/github/FPGA_Verilog/7.DES/s7.v Line: 2
    Info (276013): RAM logic "f:blk[8].f_inst|S7:S7_inst|Ram0" is uninferred because MIF is not supported for the selected family File: C:/Users/nguye/OneDrive/Documents/github/FPGA_Verilog/7.DES/s7.v Line: 2
    Info (276013): RAM logic "f:blk[10].f_inst|S7:S7_inst|Ram0" is uninferred because MIF is not supported for the selected family File: C:/Users/nguye/OneDrive/Documents/github/FPGA_Verilog/7.DES/s7.v Line: 2
    Info (276013): RAM logic "f:blk[12].f_inst|S7:S7_inst|Ram0" is uninferred because MIF is not supported for the selected family File: C:/Users/nguye/OneDrive/Documents/github/FPGA_Verilog/7.DES/s7.v Line: 2
    Info (276013): RAM logic "f:blk[14].f_inst|S7:S7_inst|Ram0" is uninferred because MIF is not supported for the selected family File: C:/Users/nguye/OneDrive/Documents/github/FPGA_Verilog/7.DES/s7.v Line: 2
    Info (276013): RAM logic "f:blk[16].f_inst|S7:S7_inst|Ram0" is uninferred because MIF is not supported for the selected family File: C:/Users/nguye/OneDrive/Documents/github/FPGA_Verilog/7.DES/s7.v Line: 2
    Info (276013): RAM logic "f:blk[1].f_inst|S7:S7_inst|Ram0" is uninferred because MIF is not supported for the selected family File: C:/Users/nguye/OneDrive/Documents/github/FPGA_Verilog/7.DES/s7.v Line: 2
    Info (276013): RAM logic "f:blk[3].f_inst|S7:S7_inst|Ram0" is uninferred because MIF is not supported for the selected family File: C:/Users/nguye/OneDrive/Documents/github/FPGA_Verilog/7.DES/s7.v Line: 2
    Info (276013): RAM logic "f:blk[5].f_inst|S7:S7_inst|Ram0" is uninferred because MIF is not supported for the selected family File: C:/Users/nguye/OneDrive/Documents/github/FPGA_Verilog/7.DES/s7.v Line: 2
    Info (276013): RAM logic "f:blk[7].f_inst|S7:S7_inst|Ram0" is uninferred because MIF is not supported for the selected family File: C:/Users/nguye/OneDrive/Documents/github/FPGA_Verilog/7.DES/s7.v Line: 2
    Info (276013): RAM logic "f:blk[9].f_inst|S7:S7_inst|Ram0" is uninferred because MIF is not supported for the selected family File: C:/Users/nguye/OneDrive/Documents/github/FPGA_Verilog/7.DES/s7.v Line: 2
    Info (276013): RAM logic "f:blk[11].f_inst|S7:S7_inst|Ram0" is uninferred because MIF is not supported for the selected family File: C:/Users/nguye/OneDrive/Documents/github/FPGA_Verilog/7.DES/s7.v Line: 2
    Info (276013): RAM logic "f:blk[13].f_inst|S7:S7_inst|Ram0" is uninferred because MIF is not supported for the selected family File: C:/Users/nguye/OneDrive/Documents/github/FPGA_Verilog/7.DES/s7.v Line: 2
    Info (276013): RAM logic "f:blk[15].f_inst|S7:S7_inst|Ram0" is uninferred because MIF is not supported for the selected family File: C:/Users/nguye/OneDrive/Documents/github/FPGA_Verilog/7.DES/s7.v Line: 2
    Info (276013): RAM logic "f:blk[2].f_inst|S3:S3_inst|Ram0" is uninferred because MIF is not supported for the selected family File: C:/Users/nguye/OneDrive/Documents/github/FPGA_Verilog/7.DES/s3.v Line: 2
    Info (276013): RAM logic "f:blk[4].f_inst|S3:S3_inst|Ram0" is uninferred because MIF is not supported for the selected family File: C:/Users/nguye/OneDrive/Documents/github/FPGA_Verilog/7.DES/s3.v Line: 2
    Info (276013): RAM logic "f:blk[6].f_inst|S3:S3_inst|Ram0" is uninferred because MIF is not supported for the selected family File: C:/Users/nguye/OneDrive/Documents/github/FPGA_Verilog/7.DES/s3.v Line: 2
    Info (276013): RAM logic "f:blk[8].f_inst|S3:S3_inst|Ram0" is uninferred because MIF is not supported for the selected family File: C:/Users/nguye/OneDrive/Documents/github/FPGA_Verilog/7.DES/s3.v Line: 2
    Info (276013): RAM logic "f:blk[10].f_inst|S3:S3_inst|Ram0" is uninferred because MIF is not supported for the selected family File: C:/Users/nguye/OneDrive/Documents/github/FPGA_Verilog/7.DES/s3.v Line: 2
    Info (276013): RAM logic "f:blk[12].f_inst|S3:S3_inst|Ram0" is uninferred because MIF is not supported for the selected family File: C:/Users/nguye/OneDrive/Documents/github/FPGA_Verilog/7.DES/s3.v Line: 2
    Info (276013): RAM logic "f:blk[14].f_inst|S3:S3_inst|Ram0" is uninferred because MIF is not supported for the selected family File: C:/Users/nguye/OneDrive/Documents/github/FPGA_Verilog/7.DES/s3.v Line: 2
    Info (276013): RAM logic "f:blk[16].f_inst|S3:S3_inst|Ram0" is uninferred because MIF is not supported for the selected family File: C:/Users/nguye/OneDrive/Documents/github/FPGA_Verilog/7.DES/s3.v Line: 2
    Info (276013): RAM logic "f:blk[1].f_inst|S3:S3_inst|Ram0" is uninferred because MIF is not supported for the selected family File: C:/Users/nguye/OneDrive/Documents/github/FPGA_Verilog/7.DES/s3.v Line: 2
    Info (276013): RAM logic "f:blk[3].f_inst|S3:S3_inst|Ram0" is uninferred because MIF is not supported for the selected family File: C:/Users/nguye/OneDrive/Documents/github/FPGA_Verilog/7.DES/s3.v Line: 2
    Info (276013): RAM logic "f:blk[5].f_inst|S3:S3_inst|Ram0" is uninferred because MIF is not supported for the selected family File: C:/Users/nguye/OneDrive/Documents/github/FPGA_Verilog/7.DES/s3.v Line: 2
    Info (276013): RAM logic "f:blk[7].f_inst|S3:S3_inst|Ram0" is uninferred because MIF is not supported for the selected family File: C:/Users/nguye/OneDrive/Documents/github/FPGA_Verilog/7.DES/s3.v Line: 2
    Info (276013): RAM logic "f:blk[9].f_inst|S3:S3_inst|Ram0" is uninferred because MIF is not supported for the selected family File: C:/Users/nguye/OneDrive/Documents/github/FPGA_Verilog/7.DES/s3.v Line: 2
    Info (276013): RAM logic "f:blk[11].f_inst|S3:S3_inst|Ram0" is uninferred because MIF is not supported for the selected family File: C:/Users/nguye/OneDrive/Documents/github/FPGA_Verilog/7.DES/s3.v Line: 2
    Info (276013): RAM logic "f:blk[13].f_inst|S3:S3_inst|Ram0" is uninferred because MIF is not supported for the selected family File: C:/Users/nguye/OneDrive/Documents/github/FPGA_Verilog/7.DES/s3.v Line: 2
    Info (276013): RAM logic "f:blk[15].f_inst|S3:S3_inst|Ram0" is uninferred because MIF is not supported for the selected family File: C:/Users/nguye/OneDrive/Documents/github/FPGA_Verilog/7.DES/s3.v Line: 2
Info (286030): Timing-Driven Synthesis is running
Info (16010): Generating hard_block partition "hard_block:auto_generated_inst"
    Info (16011): Adding 0 node(s), including 0 DDIO, 0 PLL, 0 transceiver and 0 LCELL
Warning (21074): Design contains 8 input pin(s) that do not drive logic
    Warning (15610): No output dependent on input pin "key[1]" File: C:/Users/nguye/OneDrive/Documents/github/FPGA_Verilog/7.DES/main.v Line: 86
    Warning (15610): No output dependent on input pin "key[9]" File: C:/Users/nguye/OneDrive/Documents/github/FPGA_Verilog/7.DES/main.v Line: 86
    Warning (15610): No output dependent on input pin "key[17]" File: C:/Users/nguye/OneDrive/Documents/github/FPGA_Verilog/7.DES/main.v Line: 86
    Warning (15610): No output dependent on input pin "key[25]" File: C:/Users/nguye/OneDrive/Documents/github/FPGA_Verilog/7.DES/main.v Line: 86
    Warning (15610): No output dependent on input pin "key[33]" File: C:/Users/nguye/OneDrive/Documents/github/FPGA_Verilog/7.DES/main.v Line: 86
    Warning (15610): No output dependent on input pin "key[41]" File: C:/Users/nguye/OneDrive/Documents/github/FPGA_Verilog/7.DES/main.v Line: 86
    Warning (15610): No output dependent on input pin "key[49]" File: C:/Users/nguye/OneDrive/Documents/github/FPGA_Verilog/7.DES/main.v Line: 86
    Warning (15610): No output dependent on input pin "key[57]" File: C:/Users/nguye/OneDrive/Documents/github/FPGA_Verilog/7.DES/main.v Line: 86
Info (21057): Implemented 4160 device resources after synthesis - the final resource count might be different
    Info (21058): Implemented 128 input pins
    Info (21059): Implemented 64 output pins
    Info (21061): Implemented 3968 logic cells
Info: Quartus Prime Analysis & Synthesis was successful. 0 errors, 27 warnings
    Info: Peak virtual memory: 4757 megabytes
    Info: Processing ended: Wed Apr 05 20:14:00 2023
    Info: Elapsed time: 00:01:42
    Info: Total CPU time (on all processors): 00:01:53


